
Compartment {
  Direction = -Z
  Gamma = (1.000000000000000e+00, 1.000000000000000e+00)
  XiVector = [
             0.000000000000000e+00
             1.000000000000068e+02
             2.500000000000171e+02
             4.750000000000325e+02
             8.125000000000555e+02
             1.318750000000090e+03
             2.078125000000142e+03
             3.217187500000220e+03
             4.925781250000337e+03
  ]
}
Compartment {
  Direction = Z
  Gamma = (1.000000000000000e+00, 1.000000000000000e+00)
  XiVector = [
             0.000000000000000e+00
             9.999999999999238e+01
             2.499999999999810e+02
             4.749999999999638e+02
             8.124999999999380e+02
             1.318749999999900e+03
             2.078124999999841e+03
             3.217187499999754e+03
             4.925781249999624e+03
  ]
}